Using pre-set license
Built from '2020.2/staging' branch; Version is '2020.2.5f1 (e2c53f129de5) revision 14861631'; Using compiler version '192528614'; Build Type 'Release'
OS: 'Windows 10 Home; OS build 19044.1586; Version 2009; 64bit' Language: 'en' Physical Memory: 7959 MB
BatchMode: 1, IsHumanControllingUs: 0, StartBugReporterOnCrash: 0, Is64bit: 1, IsPro: 0

 COMMAND LINE ARGUMENTS:
D:\Drive\Unity Projects\Unity\Editor\Unity.exe
-adb2
-batchMode
-noUpm
-name
AssetImportWorker1
-projectPath
C:/Users/polar/Desktop/RocketDrifter/LD50Game
-logFile
Logs/AssetImportWorker1.log
-srvPort
54917
Successfully changed project path to: C:/Users/polar/Desktop/RocketDrifter/LD50Game
C:/Users/polar/Desktop/RocketDrifter/LD50Game
Using Asset Import Pipeline V2.
Refreshing native plugins compatible for Editor in 26.02 ms, found 0 plugins.
Preloading 0 native plugins for Editor in 0.00 ms.
Initialize engine version: 2020.2.5f1 (e2c53f129de5)
[Subsystems] Discovering subsystems at path D:/Drive/Unity Projects/Unity/Editor/Data/Resources/UnitySubsystems
[Subsystems] Discovering subsystems at path C:/Users/polar/Desktop/RocketDrifter/LD50Game/Assets
GfxDevice: creating device client; threaded=0
Direct3D:
    Version:  Direct3D 11.0 [level 11.1]
    Renderer: Intel(R) UHD Graphics (ID=0x8a56)
    Vendor:   
    VRAM:     3979 MB
    Driver:   27.20.100.9365
Initialize mono
Mono path[0] = 'D:/Drive/Unity Projects/Unity/Editor/Data/Managed'
Mono path[1] = 'D:/Drive/Unity Projects/Unity/Editor/Data/MonoBleedingEdge/lib/mono/unityjit'
Mono config path = 'D:/Drive/Unity Projects/Unity/Editor/Data/MonoBleedingEdge/etc'
Using monoOptions --debugger-agent=transport=dt_socket,embedding=1,server=y,suspend=n,address=127.0.0.1:56956
Begin MonoManager ReloadAssembly
Registering precompiled unity dll's ...
Register platform support module: D:/Drive/Unity Projects/Unity/Editor/Data/PlaybackEngines/WebGLSupport/UnityEditor.WebGL.Extensions.dll
Register platform support module: D:/Drive/Unity Projects/Unity/Editor/Data/PlaybackEngines/WindowsStandaloneSupport/UnityEditor.WindowsStandalone.Extensions.dll
Registered in 0.363789 seconds.
Native extension for WindowsStandalone target not found
Native extension for WebGL target not found
Refreshing native plugins compatible for Editor in 26.03 ms, found 0 plugins.
Preloading 0 native plugins for Editor in 0.00 ms.
Invoked RoslynAnalysisRunner static constructor.
RoslynAnalysisRunner will not be running.
RoslynAnalysisRunner has terminated.
Mono: successfully reloaded assembly
- Completed reload, in 22.139 seconds
Platform modules already initialized, skipping
Registering precompiled user dll's ...
Registered in 0.003152 seconds.
Begin MonoManager ReloadAssembly
Native extension for WindowsStandalone target not found
Native extension for WebGL target not found
Refreshing native plugins compatible for Editor in 0.25 ms, found 0 plugins.
Preloading 0 native plugins for Editor in 0.00 ms.
Invoked RoslynAnalysisRunner static constructor.
RoslynAnalysisRunner will not be running.
RoslynAnalysisRunner has terminated.
Mono: successfully reloaded assembly
- Completed reload, in  1.085 seconds
Platform modules already initialized, skipping
========================================================================
Worker process is ready to serve import requests
Launched and connected shader compiler UnityShaderCompiler.exe after 0.26 seconds
Refreshing native plugins compatible for Editor in 0.24 ms, found 0 plugins.
Preloading 0 native plugins for Editor in 0.00 ms.
Unloading 1185 Unused Serialized files (Serialized files now loaded: 0)
System memory in use before: 60.5 MB.
System memory in use after: 60.6 MB.

Unloading 9 unused Assets to reduce memory usage. Loaded Objects now: 1627.
Total: 2.691100 ms (FindLiveObjects: 0.279500 ms CreateObjectMapping: 0.042000 ms MarkObjects: 2.276700 ms  DeleteObjects: 0.091000 ms)

========================================================================
Received Import Request.
  path: Assets/Scripts/Enemy_Scripts/Patterns/TakeDamage_Patterns
  artifactKey: Guid(ec7c36a201e33bc40a664e6d1f423fe1) Importer(815301076,1909f56bfc062723c751e8b465ee728b)
Start importing Assets/Scripts/Enemy_Scripts/Patterns/TakeDamage_Patterns using Guid(ec7c36a201e33bc40a664e6d1f423fe1) Importer(815301076,1909f56bfc062723c751e8b465ee728b)  -> (artifact id: '771f2ee0bfe479e7b2679c29988f0f38') in 0.016048 seconds
  Import took 0.019379 seconds .

========================================================================
Received Import Request.
  Time since last request: 32.464890 seconds.
  path: Assets/Scripts/Enemy_Scripts/Patterns
  artifactKey: Guid(ddd25198df1fd0d4a96879c2020d793b) Importer(815301076,1909f56bfc062723c751e8b465ee728b)
Start importing Assets/Scripts/Enemy_Scripts/Patterns using Guid(ddd25198df1fd0d4a96879c2020d793b) Importer(815301076,1909f56bfc062723c751e8b465ee728b)  -> (artifact id: '25872623bb5c799963a0b30ab81499c7') in 0.018501 seconds
  Import took 0.022928 seconds .

========================================================================
Received Import Request.
  Time since last request: 1.973437 seconds.
  path: Assets/Scripts/Enemy_Scripts/Patterns/Move_Patterns
  artifactKey: Guid(46a606d16270f9248a9102c0c77b1be7) Importer(815301076,1909f56bfc062723c751e8b465ee728b)
Start importing Assets/Scripts/Enemy_Scripts/Patterns/Move_Patterns using Guid(46a606d16270f9248a9102c0c77b1be7) Importer(815301076,1909f56bfc062723c751e8b465ee728b)  -> (artifact id: '09e81c40f34ed22e11934bc2e4f35217') in 0.018241 seconds
  Import took 0.021917 seconds .

========================================================================
Received Import Request.
  Time since last request: 35.143397 seconds.
  path: Assets/Scripts/Enemy_Scripts/Patterns/Move_Patterns/MoveWithRadar.cs
  artifactKey: Guid(029aa63c46036b843ad03581bef70b78) Importer(815301076,1909f56bfc062723c751e8b465ee728b)
Start importing Assets/Scripts/Enemy_Scripts/Patterns/Move_Patterns/MoveWithRadar.cs using Guid(029aa63c46036b843ad03581bef70b78) Importer(815301076,1909f56bfc062723c751e8b465ee728b)  -> (artifact id: 'bd92860e84455ac6a54dd106f021b678') in 0.062997 seconds
  Import took 0.067744 seconds .

========================================================================
Received Prepare
Registering precompiled user dll's ...
Registered in 0.000939 seconds.
Begin MonoManager ReloadAssembly
Native extension for WindowsStandalone target not found
Native extension for WebGL target not found
Refreshing native plugins compatible for Editor in 0.24 ms, found 0 plugins.
Preloading 0 native plugins for Editor in 0.00 ms.
Invoked RoslynAnalysisRunner static constructor.
RoslynAnalysisRunner will not be running.
RoslynAnalysisRunner has terminated.
Mono: successfully reloaded assembly
- Completed reload, in  1.044 seconds
Platform modules already initialized, skipping
Refreshing native plugins compatible for Editor in 0.51 ms, found 0 plugins.
Preloading 0 native plugins for Editor in 0.00 ms.
Unloading 1167 Unused Serialized files (Serialized files now loaded: 0)
System memory in use before: 59.4 MB.
System memory in use after: 59.5 MB.

Unloading 4 unused Assets to reduce memory usage. Loaded Objects now: 1630.
Total: 3.519400 ms (FindLiveObjects: 0.418300 ms CreateObjectMapping: 0.136200 ms MarkObjects: 2.916200 ms  DeleteObjects: 0.045200 ms)

