Using pre-set license
Built from '2020.2/staging' branch; Version is '2020.2.5f1 (e2c53f129de5) revision 14861631'; Using compiler version '192528614'; Build Type 'Release'
OS: 'Windows 10 Home; OS build 19044.1586; Version 2009; 64bit' Language: 'en' Physical Memory: 7959 MB
BatchMode: 1, IsHumanControllingUs: 0, StartBugReporterOnCrash: 0, Is64bit: 1, IsPro: 0

 COMMAND LINE ARGUMENTS:
D:\Drive\Unity Projects\Unity\Editor\Unity.exe
-adb2
-batchMode
-noUpm
-name
AssetImportWorker2
-projectPath
C:/Users/polar/Desktop/RocketDrifter/LD50Game
-logFile
Logs/AssetImportWorker2.log
-srvPort
58175
Successfully changed project path to: C:/Users/polar/Desktop/RocketDrifter/LD50Game
C:/Users/polar/Desktop/RocketDrifter/LD50Game
Using Asset Import Pipeline V2.
Refreshing native plugins compatible for Editor in 28.44 ms, found 0 plugins.
Preloading 0 native plugins for Editor in 0.00 ms.
Initialize engine version: 2020.2.5f1 (e2c53f129de5)
[Subsystems] Discovering subsystems at path D:/Drive/Unity Projects/Unity/Editor/Data/Resources/UnitySubsystems
[Subsystems] Discovering subsystems at path C:/Users/polar/Desktop/RocketDrifter/LD50Game/Assets
GfxDevice: creating device client; threaded=0
Direct3D:
    Version:  Direct3D 11.0 [level 11.1]
    Renderer: Intel(R) UHD Graphics (ID=0x8a56)
    Vendor:   
    VRAM:     3979 MB
    Driver:   27.20.100.9365
Initialize mono
Mono path[0] = 'D:/Drive/Unity Projects/Unity/Editor/Data/Managed'
Mono path[1] = 'D:/Drive/Unity Projects/Unity/Editor/Data/MonoBleedingEdge/lib/mono/unityjit'
Mono config path = 'D:/Drive/Unity Projects/Unity/Editor/Data/MonoBleedingEdge/etc'
Using monoOptions --debugger-agent=transport=dt_socket,embedding=1,server=y,suspend=n,address=127.0.0.1:56252
Begin MonoManager ReloadAssembly
Registering precompiled unity dll's ...
Register platform support module: D:/Drive/Unity Projects/Unity/Editor/Data/PlaybackEngines/WebGLSupport/UnityEditor.WebGL.Extensions.dll
Register platform support module: D:/Drive/Unity Projects/Unity/Editor/Data/PlaybackEngines/WindowsStandaloneSupport/UnityEditor.WindowsStandalone.Extensions.dll
Registered in 0.004786 seconds.
Native extension for WindowsStandalone target not found
Native extension for WebGL target not found
Refreshing native plugins compatible for Editor in 31.24 ms, found 0 plugins.
Preloading 0 native plugins for Editor in 0.00 ms.
Invoked RoslynAnalysisRunner static constructor.
RoslynAnalysisRunner will not be running.
RoslynAnalysisRunner has terminated.
Mono: successfully reloaded assembly
- Completed reload, in 10.101 seconds
Platform modules already initialized, skipping
Registering precompiled user dll's ...
Registered in 0.001608 seconds.
Begin MonoManager ReloadAssembly
Native extension for WindowsStandalone target not found
Native extension for WebGL target not found
Refreshing native plugins compatible for Editor in 0.39 ms, found 0 plugins.
Preloading 0 native plugins for Editor in 0.00 ms.
Invoked RoslynAnalysisRunner static constructor.
RoslynAnalysisRunner will not be running.
RoslynAnalysisRunner has terminated.
Mono: successfully reloaded assembly
- Completed reload, in  1.055 seconds
Platform modules already initialized, skipping
========================================================================
Worker process is ready to serve import requests
Launched and connected shader compiler UnityShaderCompiler.exe after 0.22 seconds
Refreshing native plugins compatible for Editor in 0.32 ms, found 0 plugins.
Preloading 0 native plugins for Editor in 0.00 ms.
Unloading 1182 Unused Serialized files (Serialized files now loaded: 0)
System memory in use before: 60.4 MB.
System memory in use after: 60.5 MB.

Unloading 9 unused Assets to reduce memory usage. Loaded Objects now: 1624.
Total: 2.331100 ms (FindLiveObjects: 0.136200 ms CreateObjectMapping: 0.043800 ms MarkObjects: 2.065000 ms  DeleteObjects: 0.085000 ms)

========================================================================
Received Import Request.
  path: Assets/Textures/Frame.png
  artifactKey: Guid(579a7f6638918cc4ab734cf96e6fcb38) Importer(815301076,1909f56bfc062723c751e8b465ee728b)
Start importing Assets/Textures/Frame.png using Guid(579a7f6638918cc4ab734cf96e6fcb38) Importer(815301076,1909f56bfc062723c751e8b465ee728b)  -> (artifact id: '8e80f464fb7b2e1bd00c051cb0160378') in 0.164133 seconds
  Import took 0.168727 seconds .

========================================================================
Received Import Request.
  Time since last request: 0.000245 seconds.
  path: Assets/Textures/Icon.png
  artifactKey: Guid(35599930c68d3cf46bca375e40ed70ee) Importer(815301076,1909f56bfc062723c751e8b465ee728b)
Start importing Assets/Textures/Icon.png using Guid(35599930c68d3cf46bca375e40ed70ee) Importer(815301076,1909f56bfc062723c751e8b465ee728b)  -> (artifact id: 'ef670393bd28417136a61f9a48425385') in 0.041697 seconds
  Import took 0.045851 seconds .

========================================================================
Received Import Request.
  Time since last request: 0.000309 seconds.
  path: Assets/Textures/SpriteSheet.png
  artifactKey: Guid(42731790788a93541908f9ef89935f7e) Importer(815301076,1909f56bfc062723c751e8b465ee728b)
Start importing Assets/Textures/SpriteSheet.png using Guid(42731790788a93541908f9ef89935f7e) Importer(815301076,1909f56bfc062723c751e8b465ee728b)  -> (artifact id: 'b62999f87550b2149ed794a6d679e641') in 0.080505 seconds
  Import took 0.085365 seconds .

========================================================================
Received Import Request.
  Time since last request: 38.416287 seconds.
  path: Assets/Textures/SpriteSheet.png
  artifactKey: Guid(42731790788a93541908f9ef89935f7e) Importer(815301076,1909f56bfc062723c751e8b465ee728b)
Start importing Assets/Textures/SpriteSheet.png using Guid(42731790788a93541908f9ef89935f7e) Importer(815301076,1909f56bfc062723c751e8b465ee728b)  -> (artifact id: 'c067a1da27ba06956126a5666b407bcb') in 0.065649 seconds
  Import took 0.069433 seconds .

========================================================================
Received Import Request.
  Time since last request: 0.003978 seconds.
  path: Assets/Textures/SpriteSheet.png
  artifactKey: Guid(42731790788a93541908f9ef89935f7e) Importer(815301076,1909f56bfc062723c751e8b465ee728b)
Start importing Assets/Textures/SpriteSheet.png using Guid(42731790788a93541908f9ef89935f7e) Importer(815301076,1909f56bfc062723c751e8b465ee728b)  -> (artifact id: 'c067a1da27ba06956126a5666b407bcb') in 0.054450 seconds
  Import took 0.063050 seconds .

========================================================================
Received Import Request.
  Time since last request: 11.791063 seconds.
  path: Assets/Textures/SpriteSheet.png
  artifactKey: Guid(42731790788a93541908f9ef89935f7e) Importer(815301076,1909f56bfc062723c751e8b465ee728b)
Start importing Assets/Textures/SpriteSheet.png using Guid(42731790788a93541908f9ef89935f7e) Importer(815301076,1909f56bfc062723c751e8b465ee728b)  -> (artifact id: 'ce1a6f0d57f35b429cb597d93168e121') in 0.068270 seconds
  Import took 0.071959 seconds .

========================================================================
Received Import Request.
  Time since last request: 9.079608 seconds.
  path: Assets/Scenes/Game.unity
  artifactKey: Guid(3c8a79388f1d3524e8f4ff487cd5e615) Importer(815301076,1909f56bfc062723c751e8b465ee728b)
Start importing Assets/Scenes/Game.unity using Guid(3c8a79388f1d3524e8f4ff487cd5e615) Importer(815301076,1909f56bfc062723c751e8b465ee728b)  -> (artifact id: 'b8adc527b4e9d36dbe688121fd09302b') in 0.015365 seconds
  Import took 0.018202 seconds .

========================================================================
Received Import Request.
  Time since last request: 23.613528 seconds.
  path: Assets/Prefabs/Enemies/Fighter.prefab
  artifactKey: Guid(71a8db1f0847bad468dd8c5fcc9f7544) Importer(815301076,1909f56bfc062723c751e8b465ee728b)
Start importing Assets/Prefabs/Enemies/Fighter.prefab using Guid(71a8db1f0847bad468dd8c5fcc9f7544) Importer(815301076,1909f56bfc062723c751e8b465ee728b)  -> (artifact id: '9a07a6ceccf0cd2f296dcf8197f36f78') in 0.195031 seconds
  Import took 0.213893 seconds .

========================================================================
Received Import Request.
  Time since last request: 17.941243 seconds.
  path: Assets/Scripts/EnemyTypes/DestroyerAI.cs
  artifactKey: Guid(729d48b2056f02049969cd47aab8aad8) Importer(815301076,1909f56bfc062723c751e8b465ee728b)
Start importing Assets/Scripts/EnemyTypes/DestroyerAI.cs using Guid(729d48b2056f02049969cd47aab8aad8) Importer(815301076,1909f56bfc062723c751e8b465ee728b)  -> (artifact id: 'c4fca09055496e0c553c1f1a3ea1288d') in 0.019069 seconds
  Import took 0.022496 seconds .

========================================================================
Received Prepare
Registering precompiled user dll's ...
Registered in 0.036080 seconds.
Begin MonoManager ReloadAssembly
Native extension for WindowsStandalone target not found
Native extension for WebGL target not found
Refreshing native plugins compatible for Editor in 0.78 ms, found 0 plugins.
Preloading 0 native plugins for Editor in 0.00 ms.
Invoked RoslynAnalysisRunner static constructor.
RoslynAnalysisRunner will not be running.
RoslynAnalysisRunner has terminated.
Mono: successfully reloaded assembly
- Completed reload, in  4.882 seconds
Platform modules already initialized, skipping
Refreshing native plugins compatible for Editor in 0.49 ms, found 0 plugins.
Preloading 0 native plugins for Editor in 0.00 ms.
Unloading 1164 Unused Serialized files (Serialized files now loaded: 0)
System memory in use before: 62.5 MB.
System memory in use after: 62.6 MB.

Unloading 4 unused Assets to reduce memory usage. Loaded Objects now: 1649.
Total: 3.567200 ms (FindLiveObjects: 0.415900 ms CreateObjectMapping: 0.158500 ms MarkObjects: 2.948200 ms  DeleteObjects: 0.040200 ms)

========================================================================
Received Prepare
Registering precompiled user dll's ...
Registered in 0.001770 seconds.
Begin MonoManager ReloadAssembly
Native extension for WindowsStandalone target not found
Native extension for WebGL target not found
Refreshing native plugins compatible for Editor in 0.24 ms, found 0 plugins.
Preloading 0 native plugins for Editor in 0.00 ms.
Invoked RoslynAnalysisRunner static constructor.
RoslynAnalysisRunner will not be running.
RoslynAnalysisRunner has terminated.
Mono: successfully reloaded assembly
- Completed reload, in  1.525 seconds
Platform modules already initialized, skipping
Refreshing native plugins compatible for Editor in 0.23 ms, found 0 plugins.
Preloading 0 native plugins for Editor in 0.00 ms.
Unloading 1164 Unused Serialized files (Serialized files now loaded: 0)
System memory in use before: 62.5 MB.
System memory in use after: 62.6 MB.

Unloading 4 unused Assets to reduce memory usage. Loaded Objects now: 1651.
Total: 1.709800 ms (FindLiveObjects: 0.163700 ms CreateObjectMapping: 0.046500 ms MarkObjects: 1.477000 ms  DeleteObjects: 0.020900 ms)

========================================================================
Received Import Request.
  Time since last request: 46.330641 seconds.
  path: Assets/Scripts/EnemyTypes/TankAI.cs
  artifactKey: Guid(651d52816695e0147a9070ebbef67f00) Importer(815301076,1909f56bfc062723c751e8b465ee728b)
Start importing Assets/Scripts/EnemyTypes/TankAI.cs using Guid(651d52816695e0147a9070ebbef67f00) Importer(815301076,1909f56bfc062723c751e8b465ee728b)  -> (artifact id: '4845c359f9e3aec3a7d29cedcd248bc2') in 0.011463 seconds
  Import took 0.014417 seconds .

========================================================================
Received Prepare
Registering precompiled user dll's ...
Registered in 0.001192 seconds.
Begin MonoManager ReloadAssembly
Native extension for WindowsStandalone target not found
Native extension for WebGL target not found
Refreshing native plugins compatible for Editor in 0.20 ms, found 0 plugins.
Preloading 0 native plugins for Editor in 0.00 ms.
Invoked RoslynAnalysisRunner static constructor.
RoslynAnalysisRunner will not be running.
RoslynAnalysisRunner has terminated.
Mono: successfully reloaded assembly
- Completed reload, in  1.056 seconds
Platform modules already initialized, skipping
Refreshing native plugins compatible for Editor in 0.34 ms, found 0 plugins.
Preloading 0 native plugins for Editor in 0.00 ms.
Unloading 1164 Unused Serialized files (Serialized files now loaded: 0)
System memory in use before: 62.5 MB.
System memory in use after: 62.6 MB.

Unloading 4 unused Assets to reduce memory usage. Loaded Objects now: 1653.
Total: 5.045000 ms (FindLiveObjects: 1.072800 ms CreateObjectMapping: 0.215400 ms MarkObjects: 3.720100 ms  DeleteObjects: 0.020200 ms)

========================================================================
Received Prepare
Registering precompiled user dll's ...
Registered in 0.001216 seconds.
Begin MonoManager ReloadAssembly
Native extension for WindowsStandalone target not found
Native extension for WebGL target not found
Refreshing native plugins compatible for Editor in 1.46 ms, found 0 plugins.
Preloading 0 native plugins for Editor in 0.00 ms.
Invoked RoslynAnalysisRunner static constructor.
RoslynAnalysisRunner will not be running.
RoslynAnalysisRunner has terminated.
Mono: successfully reloaded assembly
- Completed reload, in  1.238 seconds
Platform modules already initialized, skipping
Refreshing native plugins compatible for Editor in 0.36 ms, found 0 plugins.
Preloading 0 native plugins for Editor in 0.00 ms.
Unloading 1164 Unused Serialized files (Serialized files now loaded: 0)
System memory in use before: 62.5 MB.
System memory in use after: 62.6 MB.

Unloading 4 unused Assets to reduce memory usage. Loaded Objects now: 1655.
Total: 2.674600 ms (FindLiveObjects: 0.364700 ms CreateObjectMapping: 0.099200 ms MarkObjects: 2.176800 ms  DeleteObjects: 0.031200 ms)

========================================================================
Received Import Request.
  Time since last request: 380.407882 seconds.
  path: Assets/Scenes/Menu.unity
  artifactKey: Guid(072ec377d71e58d419cf128665dbcebf) Importer(815301076,1909f56bfc062723c751e8b465ee728b)
Start importing Assets/Scenes/Menu.unity using Guid(072ec377d71e58d419cf128665dbcebf) Importer(815301076,1909f56bfc062723c751e8b465ee728b)  -> (artifact id: '0befc2dda2258f3fcdf1c030b4933494') in 0.024892 seconds
  Import took 0.028347 seconds .

========================================================================
Received Prepare
Registering precompiled user dll's ...
Registered in 0.001653 seconds.
Begin MonoManager ReloadAssembly
Native extension for WindowsStandalone target not found
Native extension for WebGL target not found
Refreshing native plugins compatible for Editor in 0.31 ms, found 0 plugins.
Preloading 0 native plugins for Editor in 0.00 ms.
Invoked RoslynAnalysisRunner static constructor.
RoslynAnalysisRunner will not be running.
RoslynAnalysisRunner has terminated.
Mono: successfully reloaded assembly
- Completed reload, in  1.464 seconds
Platform modules already initialized, skipping
Refreshing native plugins compatible for Editor in 0.43 ms, found 0 plugins.
Preloading 0 native plugins for Editor in 0.00 ms.
Unloading 1164 Unused Serialized files (Serialized files now loaded: 0)
System memory in use before: 62.5 MB.
System memory in use after: 62.7 MB.

Unloading 4 unused Assets to reduce memory usage. Loaded Objects now: 1657.
Total: 5.632700 ms (FindLiveObjects: 1.039200 ms CreateObjectMapping: 0.273300 ms MarkObjects: 4.269900 ms  DeleteObjects: 0.042300 ms)

========================================================================
Received Prepare
Registering precompiled user dll's ...
Registered in 0.001565 seconds.
Begin MonoManager ReloadAssembly
Native extension for WindowsStandalone target not found
Native extension for WebGL target not found
Refreshing native plugins compatible for Editor in 0.89 ms, found 0 plugins.
Preloading 0 native plugins for Editor in 0.00 ms.
Invoked RoslynAnalysisRunner static constructor.
RoslynAnalysisRunner will not be running.
RoslynAnalysisRunner has terminated.
Mono: successfully reloaded assembly
- Completed reload, in  1.933 seconds
Platform modules already initialized, skipping
Refreshing native plugins compatible for Editor in 0.42 ms, found 0 plugins.
Preloading 0 native plugins for Editor in 0.00 ms.
Unloading 1164 Unused Serialized files (Serialized files now loaded: 0)
System memory in use before: 62.6 MB.
System memory in use after: 62.7 MB.

Unloading 4 unused Assets to reduce memory usage. Loaded Objects now: 1659.
Total: 5.223600 ms (FindLiveObjects: 0.617000 ms CreateObjectMapping: 0.439500 ms MarkObjects: 4.131000 ms  DeleteObjects: 0.031800 ms)

AssetImportWorkerClient::OnTransportError - code=2 error=End of file
