Using pre-set license
Built from '2020.2/staging' branch; Version is '2020.2.5f1 (e2c53f129de5) revision 14861631'; Using compiler version '192528614'; Build Type 'Release'
OS: 'Windows 10 Home; OS build 19044.1586; Version 2009; 64bit' Language: 'en' Physical Memory: 7959 MB
BatchMode: 1, IsHumanControllingUs: 0, StartBugReporterOnCrash: 0, Is64bit: 1, IsPro: 0

 COMMAND LINE ARGUMENTS:
D:\Drive\Unity Projects\Unity\Editor\Unity.exe
-adb2
-batchMode
-noUpm
-name
AssetImportWorker2
-projectPath
C:/Users/polar/Desktop/RocketDrifter/LD50Game
-logFile
Logs/AssetImportWorker2.log
-srvPort
60521
Successfully changed project path to: C:/Users/polar/Desktop/RocketDrifter/LD50Game
C:/Users/polar/Desktop/RocketDrifter/LD50Game
Using Asset Import Pipeline V2.
Refreshing native plugins compatible for Editor in 24.67 ms, found 0 plugins.
Preloading 0 native plugins for Editor in 0.00 ms.
Initialize engine version: 2020.2.5f1 (e2c53f129de5)
[Subsystems] Discovering subsystems at path D:/Drive/Unity Projects/Unity/Editor/Data/Resources/UnitySubsystems
[Subsystems] Discovering subsystems at path C:/Users/polar/Desktop/RocketDrifter/LD50Game/Assets
GfxDevice: creating device client; threaded=0
Direct3D:
    Version:  Direct3D 11.0 [level 11.1]
    Renderer: Intel(R) UHD Graphics (ID=0x8a56)
    Vendor:   
    VRAM:     3979 MB
    Driver:   27.20.100.9365
Initialize mono
Mono path[0] = 'D:/Drive/Unity Projects/Unity/Editor/Data/Managed'
Mono path[1] = 'D:/Drive/Unity Projects/Unity/Editor/Data/MonoBleedingEdge/lib/mono/unityjit'
Mono config path = 'D:/Drive/Unity Projects/Unity/Editor/Data/MonoBleedingEdge/etc'
Using monoOptions --debugger-agent=transport=dt_socket,embedding=1,server=y,suspend=n,address=127.0.0.1:56172
Begin MonoManager ReloadAssembly
Registering precompiled unity dll's ...
Register platform support module: D:/Drive/Unity Projects/Unity/Editor/Data/PlaybackEngines/WebGLSupport/UnityEditor.WebGL.Extensions.dll
Register platform support module: D:/Drive/Unity Projects/Unity/Editor/Data/PlaybackEngines/WindowsStandaloneSupport/UnityEditor.WindowsStandalone.Extensions.dll
Registered in 0.004998 seconds.
Native extension for WindowsStandalone target not found
Native extension for WebGL target not found
Refreshing native plugins compatible for Editor in 27.07 ms, found 0 plugins.
Preloading 0 native plugins for Editor in 0.00 ms.
Invoked RoslynAnalysisRunner static constructor.
RoslynAnalysisRunner will not be running.
RoslynAnalysisRunner has terminated.
Mono: successfully reloaded assembly
- Completed reload, in  5.243 seconds
Platform modules already initialized, skipping
Registering precompiled user dll's ...
Registered in 0.053949 seconds.
Begin MonoManager ReloadAssembly
Native extension for WindowsStandalone target not found
Native extension for WebGL target not found
Refreshing native plugins compatible for Editor in 0.20 ms, found 0 plugins.
Preloading 0 native plugins for Editor in 0.00 ms.
Invoked RoslynAnalysisRunner static constructor.
RoslynAnalysisRunner will not be running.
RoslynAnalysisRunner has terminated.
Mono: successfully reloaded assembly
- Completed reload, in  2.611 seconds
Platform modules already initialized, skipping
========================================================================
Worker process is ready to serve import requests
Launched and connected shader compiler UnityShaderCompiler.exe after 0.18 seconds
Refreshing native plugins compatible for Editor in 0.25 ms, found 0 plugins.
Preloading 0 native plugins for Editor in 0.00 ms.
Unloading 1185 Unused Serialized files (Serialized files now loaded: 0)
System memory in use before: 60.5 MB.
System memory in use after: 60.6 MB.

Unloading 9 unused Assets to reduce memory usage. Loaded Objects now: 1627.
Total: 1.612600 ms (FindLiveObjects: 0.206200 ms CreateObjectMapping: 0.079100 ms MarkObjects: 1.257600 ms  DeleteObjects: 0.068500 ms)

========================================================================
Received Import Request.
  path: Assets/Scripts/Enemy_Scripts/Interfaces/ITakeDamageBehavior.cs
  artifactKey: Guid(839e24cbfd1880144897ad2379112e06) Importer(815301076,1909f56bfc062723c751e8b465ee728b)
Start importing Assets/Scripts/Enemy_Scripts/Interfaces/ITakeDamageBehavior.cs using Guid(839e24cbfd1880144897ad2379112e06) Importer(815301076,1909f56bfc062723c751e8b465ee728b)  -> (artifact id: '30549cec2df236fd6c77f3750b2e78eb') in 0.055131 seconds
  Import took 0.058268 seconds .

========================================================================
Received Import Request.
  Time since last request: 13.044173 seconds.
  path: Assets/Scripts/Enemy_Scripts/Interfaces/ITakeDamageBehavior.cs
  artifactKey: Guid(839e24cbfd1880144897ad2379112e06) Importer(815301076,1909f56bfc062723c751e8b465ee728b)
Start importing Assets/Scripts/Enemy_Scripts/Interfaces/ITakeDamageBehavior.cs using Guid(839e24cbfd1880144897ad2379112e06) Importer(815301076,1909f56bfc062723c751e8b465ee728b)  -> (artifact id: '1ffded3f8f504bcd1868e28ffd6e115c') in 0.005747 seconds
  Import took 0.011397 seconds .

========================================================================
Received Import Request.
  Time since last request: 3.454599 seconds.
  path: Assets/Scripts/Enemy_Scripts/Interfaces/ITakeDamageBehavior.cs
  artifactKey: Guid(839e24cbfd1880144897ad2379112e06) Importer(815301076,1909f56bfc062723c751e8b465ee728b)
Start importing Assets/Scripts/Enemy_Scripts/Interfaces/ITakeDamageBehavior.cs using Guid(839e24cbfd1880144897ad2379112e06) Importer(815301076,1909f56bfc062723c751e8b465ee728b)  -> (artifact id: 'c660132d338d65c4dbe01b2a636b836c') in 0.009987 seconds
  Import took 0.016199 seconds .

========================================================================
Received Prepare
Registering precompiled user dll's ...
Registered in 0.001131 seconds.
Begin MonoManager ReloadAssembly
Native extension for WindowsStandalone target not found
Native extension for WebGL target not found
Refreshing native plugins compatible for Editor in 0.23 ms, found 0 plugins.
Preloading 0 native plugins for Editor in 0.00 ms.
Invoked RoslynAnalysisRunner static constructor.
RoslynAnalysisRunner will not be running.
RoslynAnalysisRunner has terminated.
Mono: successfully reloaded assembly
- Completed reload, in  1.393 seconds
Platform modules already initialized, skipping
Refreshing native plugins compatible for Editor in 0.48 ms, found 0 plugins.
Preloading 0 native plugins for Editor in 0.00 ms.
Unloading 1166 Unused Serialized files (Serialized files now loaded: 0)
System memory in use before: 59.4 MB.
System memory in use after: 59.5 MB.

Unloading 4 unused Assets to reduce memory usage. Loaded Objects now: 1629.
Total: 2.045800 ms (FindLiveObjects: 0.212700 ms CreateObjectMapping: 0.072100 ms MarkObjects: 1.721100 ms  DeleteObjects: 0.028800 ms)

